[ 2018-07-19T00:00:28+08:00 ] 0.0.0.0 /managehelper/index.php/Index/buildall
INFO: [ route_check ] --START--
INFO: CheckRoute Behavior ::run [ RunTime:0.002000s ]
INFO: [ route_check ] --END-- [ RunTime:0.002000s ]
NOTIC: [8192] preg_replace(): The /e modifier is deprecated, use preg_replace_callback instead D:\xampp\htdocs\managehelper\ThinkPHP\Lib\Core\Dispatcher.class.php 第 132 行.
INFO: [ app_begin ] --START--
INFO: ReadHtmlCache Behavior ::run [ RunTime:0.001000s ]
INFO: [ app_begin ] --END-- [ RunTime:0.002001s ]
NOTIC: [8] Use of undefined constant tree_data - assumed 'tree_data' D:\xampp\htdocs\managehelper\Index\Lib\Action\IndexAction.class.php 第 124 行.
NOTIC: [8] Undefined index: submod D:\xampp\htdocs\managehelper\Index\Lib\Action\IndexAction.class.php 第 151 行.
NOTIC: [8] Undefined index: tab D:\xampp\htdocs\managehelper\Index\Lib\Action\IndexAction.class.php 第 153 行.
NOTIC: [8] Undefined index: submod D:\xampp\htdocs\managehelper\Index\Lib\Action\IndexAction.class.php 第 151 行.
NOTIC: [8] Undefined index: tab D:\xampp\htdocs\managehelper\Index\Lib\Action\IndexAction.class.php 第 153 行.
NOTIC: [8] Undefined index: submod D:\xampp\htdocs\managehelper\Index\Lib\Action\IndexAction.class.php 第 151 行.
NOTIC: [8] Undefined index: tab D:\xampp\htdocs\managehelper\Index\Lib\Action\IndexAction.class.php 第 153 行.
NOTIC: [8] Undefined index: submod D:\xampp\htdocs\managehelper\Index\Lib\Action\IndexAction.class.php 第 151 行.
NOTIC: [8] Undefined index: tab D:\xampp\htdocs\managehelper\Index\Lib\Action\IndexAction.class.php 第 153 行.
NOTIC: [8] Undefined index: submod D:\xampp\htdocs\managehelper\Index\Lib\Action\IndexAction.class.php 第 151 行.
NOTIC: [8] Undefined index: tab D:\xampp\htdocs\managehelper\Index\Lib\Action\IndexAction.class.php 第 153 行.
NOTIC: [8] Undefined index: submod D:\xampp\htdocs\managehelper\Index\Lib\Action\IndexAction.class.php 第 151 行.
NOTIC: [8] Undefined index: tab D:\xampp\htdocs\managehelper\Index\Lib\Action\IndexAction.class.php 第 153 行.
NOTIC: [8] Undefined index: submod D:\xampp\htdocs\managehelper\Index\Lib\Action\IndexAction.class.php 第 151 行.
NOTIC: [8] Undefined index: tab D:\xampp\htdocs\managehelper\Index\Lib\Action\IndexAction.class.php 第 153 行.
NOTIC: [8] Undefined index: submod D:\xampp\htdocs\managehelper\Index\Lib\Action\IndexAction.class.php 第 151 行.
NOTIC: [8] Undefined index: tab D:\xampp\htdocs\managehelper\Index\Lib\Action\IndexAction.class.php 第 153 行.
NOTIC: [8] Undefined index: submod D:\xampp\htdocs\managehelper\Index\Lib\Action\IndexAction.class.php 第 151 行.
NOTIC: [8] Undefined index: tab D:\xampp\htdocs\managehelper\Index\Lib\Action\IndexAction.class.php 第 153 行.
NOTIC: [8] Undefined index: submod D:\xampp\htdocs\managehelper\Index\Lib\Action\IndexAction.class.php 第 151 行.
NOTIC: [8] Undefined index: tab D:\xampp\htdocs\managehelper\Index\Lib\Action\IndexAction.class.php 第 153 行.
NOTIC: [8] Undefined index: submod D:\xampp\htdocs\managehelper\Index\Lib\Action\IndexAction.class.php 第 151 行.
NOTIC: [8] Undefined index: tab D:\xampp\htdocs\managehelper\Index\Lib\Action\IndexAction.class.php 第 153 行.
NOTIC: [8] Undefined index: submod D:\xampp\htdocs\managehelper\Index\Lib\Action\IndexAction.class.php 第 151 行.
NOTIC: [8] Undefined index: submod D:\xampp\htdocs\managehelper\Index\Lib\Action\IndexAction.class.php 第 151 行.
NOTIC: [8] Undefined index: tab D:\xampp\htdocs\managehelper\Index\Lib\Action\IndexAction.class.php 第 153 行.
NOTIC: [8] Undefined index: submod D:\xampp\htdocs\managehelper\Index\Lib\Action\IndexAction.class.php 第 151 行.
NOTIC: [8] Undefined index: tab D:\xampp\htdocs\managehelper\Index\Lib\Action\IndexAction.class.php 第 153 行.
NOTIC: [8] Undefined index: submod D:\xampp\htdocs\managehelper\Index\Lib\Action\IndexAction.class.php 第 151 行.
NOTIC: [8] Undefined index: tab D:\xampp\htdocs\managehelper\Index\Lib\Action\IndexAction.class.php 第 153 行.
NOTIC: [8] Undefined index: submod D:\xampp\htdocs\managehelper\Index\Lib\Action\IndexAction.class.php 第 151 行.
NOTIC: [8] Undefined index: tab D:\xampp\htdocs\managehelper\Index\Lib\Action\IndexAction.class.php 第 153 行.
NOTIC: [8] Undefined index: submod D:\xampp\htdocs\managehelper\Index\Lib\Action\IndexAction.class.php 第 151 行.
NOTIC: [8] Undefined index: tab D:\xampp\htdocs\managehelper\Index\Lib\Action\IndexAction.class.php 第 153 行.
NOTIC: [8] Undefined index: submod D:\xampp\htdocs\managehelper\Index\Lib\Action\IndexAction.class.php 第 151 行.
NOTIC: [8] Undefined index: tab D:\xampp\htdocs\managehelper\Index\Lib\Action\IndexAction.class.php 第 153 行.
NOTIC: [8] Undefined index: submod D:\xampp\htdocs\managehelper\Index\Lib\Action\IndexAction.class.php 第 151 行.
NOTIC: [8] Undefined index: tab D:\xampp\htdocs\managehelper\Index\Lib\Action\IndexAction.class.php 第 153 行.
NOTIC: [8] Undefined index: submod D:\xampp\htdocs\managehelper\Index\Lib\Action\IndexAction.class.php 第 151 行.
NOTIC: [8] Undefined index: tab D:\xampp\htdocs\managehelper\Index\Lib\Action\IndexAction.class.php 第 153 行.
NOTIC: [8] Undefined index: submod D:\xampp\htdocs\managehelper\Index\Lib\Action\IndexAction.class.php 第 151 行.
NOTIC: [8] Undefined index: tab D:\xampp\htdocs\managehelper\Index\Lib\Action\IndexAction.class.php 第 153 行.
NOTIC: [8] Undefined index: submod D:\xampp\htdocs\managehelper\Index\Lib\Action\IndexAction.class.php 第 151 行.
NOTIC: [8] Undefined index: tab D:\xampp\htdocs\managehelper\Index\Lib\Action\IndexAction.class.php 第 153 行.
NOTIC: [8] Undefined index: submod D:\xampp\htdocs\managehelper\Index\Lib\Action\IndexAction.class.php 第 151 行.
NOTIC: [8] Undefined index: submod D:\xampp\htdocs\managehelper\Index\Lib\Action\IndexAction.class.php 第 151 行.
NOTIC: [8] Undefined index: tab D:\xampp\htdocs\managehelper\Index\Lib\Action\IndexAction.class.php 第 153 行.
NOTIC: [8] Undefined index: submod D:\xampp\htdocs\managehelper\Index\Lib\Action\IndexAction.class.php 第 151 行.
NOTIC: [8] Undefined index: tab D:\xampp\htdocs\managehelper\Index\Lib\Action\IndexAction.class.php 第 153 行.
NOTIC: [8] Undefined index: submod D:\xampp\htdocs\managehelper\Index\Lib\Action\IndexAction.class.php 第 151 行.
NOTIC: [8] Undefined index: tab D:\xampp\htdocs\managehelper\Index\Lib\Action\IndexAction.class.php 第 153 行.
NOTIC: [8] Undefined index: submod D:\xampp\htdocs\managehelper\Index\Lib\Action\IndexAction.class.php 第 151 行.
NOTIC: [8] Undefined index: tab D:\xampp\htdocs\managehelper\Index\Lib\Action\IndexAction.class.php 第 153 行.
NOTIC: [8] Undefined index: submod D:\xampp\htdocs\managehelper\Index\Lib\Action\IndexAction.class.php 第 151 行.
NOTIC: [8] Undefined index: tab D:\xampp\htdocs\managehelper\Index\Lib\Action\IndexAction.class.php 第 153 行.
NOTIC: [8] Undefined index: submod D:\xampp\htdocs\managehelper\Index\Lib\Action\IndexAction.class.php 第 151 行.
NOTIC: [8] Undefined index: tab D:\xampp\htdocs\managehelper\Index\Lib\Action\IndexAction.class.php 第 153 行.
NOTIC: [8] Undefined index: tab D:\xampp\htdocs\managehelper\Index\Lib\Action\IndexAction.class.php 第 153 行.
NOTIC: [8] Undefined index: submod D:\xampp\htdocs\managehelper\Index\Lib\Action\IndexAction.class.php 第 151 行.
NOTIC: [8] Undefined index: submod D:\xampp\htdocs\managehelper\Index\Lib\Action\IndexAction.class.php 第 151 行.
NOTIC: [8] Undefined index: tab D:\xampp\htdocs\managehelper\Index\Lib\Action\IndexAction.class.php 第 153 行.
NOTIC: [8] Undefined index: submod D:\xampp\htdocs\managehelper\Index\Lib\Action\IndexAction.class.php 第 151 行.
NOTIC: [8] Undefined index: tab D:\xampp\htdocs\managehelper\Index\Lib\Action\IndexAction.class.php 第 153 行.
NOTIC: [8] Undefined index: submod D:\xampp\htdocs\managehelper\Index\Lib\Action\IndexAction.class.php 第 151 行.
NOTIC: [8] Undefined index: tab D:\xampp\htdocs\managehelper\Index\Lib\Action\IndexAction.class.php 第 153 行.
NOTIC: [8] Undefined index: submod D:\xampp\htdocs\managehelper\Index\Lib\Action\IndexAction.class.php 第 151 行.
NOTIC: [8] Undefined index: tab D:\xampp\htdocs\managehelper\Index\Lib\Action\IndexAction.class.php 第 153 行.
NOTIC: [8] Undefined index: submod D:\xampp\htdocs\managehelper\Index\Lib\Action\IndexAction.class.php 第 151 行.
NOTIC: [8] Undefined index: submod D:\xampp\htdocs\managehelper\Index\Lib\Action\IndexAction.class.php 第 151 行.
NOTIC: [8] Undefined index: tab D:\xampp\htdocs\managehelper\Index\Lib\Action\IndexAction.class.php 第 153 行.
NOTIC: [8] Undefined index: submod D:\xampp\htdocs\managehelper\Index\Lib\Action\IndexAction.class.php 第 151 行.
NOTIC: [8] Undefined index: tab D:\xampp\htdocs\managehelper\Index\Lib\Action\IndexAction.class.php 第 153 行.
NOTIC: [8] Undefined index: submod D:\xampp\htdocs\managehelper\Index\Lib\Action\IndexAction.class.php 第 151 行.
NOTIC: [8] Undefined index: tab D:\xampp\htdocs\managehelper\Index\Lib\Action\IndexAction.class.php 第 153 行.
NOTIC: [8] Undefined index: submod D:\xampp\htdocs\managehelper\Index\Lib\Action\IndexAction.class.php 第 151 行.
NOTIC: [8] Undefined index: tab D:\xampp\htdocs\managehelper\Index\Lib\Action\IndexAction.class.php 第 153 行.
NOTIC: [8] Undefined index: submod D:\xampp\htdocs\managehelper\Index\Lib\Action\IndexAction.class.php 第 151 行.
NOTIC: [8] Undefined index: tab D:\xampp\htdocs\managehelper\Index\Lib\Action\IndexAction.class.php 第 153 行.
NOTIC: [8] Undefined index: submod D:\xampp\htdocs\managehelper\Index\Lib\Action\IndexAction.class.php 第 151 行.
NOTIC: [8] Undefined index: tab D:\xampp\htdocs\managehelper\Index\Lib\Action\IndexAction.class.php 第 153 行.
NOTIC: [8] Undefined offset: 0 D:\xampp\htdocs\managehelper\Index\Lib\Action\IndexAction.class.php 第 146 行.

[ 2018-07-19T00:00:33+08:00 ] 0.0.0.0 /managehelper/index.php/Index/buildall
INFO: [ route_check ] --START--
INFO: CheckRoute Behavior ::run [ RunTime:0.001000s ]
INFO: [ route_check ] --END-- [ RunTime:0.002000s ]
NOTIC: [8192] preg_replace(): The /e modifier is deprecated, use preg_replace_callback instead D:\xampp\htdocs\managehelper\ThinkPHP\Lib\Core\Dispatcher.class.php 第 132 行.
INFO: [ app_begin ] --START--
INFO: ReadHtmlCache Behavior ::run [ RunTime:0.001000s ]
INFO: [ app_begin ] --END-- [ RunTime:0.001000s ]
NOTIC: [8] Use of undefined constant tree_data - assumed 'tree_data' D:\xampp\htdocs\managehelper\Index\Lib\Action\IndexAction.class.php 第 124 行.
NOTIC: [8] Undefined index: submod D:\xampp\htdocs\managehelper\Index\Lib\Action\IndexAction.class.php 第 151 行.
NOTIC: [8] Undefined index: tab D:\xampp\htdocs\managehelper\Index\Lib\Action\IndexAction.class.php 第 153 行.
NOTIC: [8] Undefined index: submod D:\xampp\htdocs\managehelper\Index\Lib\Action\IndexAction.class.php 第 151 行.
NOTIC: [8] Undefined index: tab D:\xampp\htdocs\managehelper\Index\Lib\Action\IndexAction.class.php 第 153 行.
NOTIC: [8] Undefined index: submod D:\xampp\htdocs\managehelper\Index\Lib\Action\IndexAction.class.php 第 151 行.
NOTIC: [8] Undefined index: tab D:\xampp\htdocs\managehelper\Index\Lib\Action\IndexAction.class.php 第 153 行.
NOTIC: [8] Undefined index: submod D:\xampp\htdocs\managehelper\Index\Lib\Action\IndexAction.class.php 第 151 行.
NOTIC: [8] Undefined index: tab D:\xampp\htdocs\managehelper\Index\Lib\Action\IndexAction.class.php 第 153 行.
NOTIC: [8] Undefined index: submod D:\xampp\htdocs\managehelper\Index\Lib\Action\IndexAction.class.php 第 151 行.
NOTIC: [8] Undefined index: tab D:\xampp\htdocs\managehelper\Index\Lib\Action\IndexAction.class.php 第 153 行.
NOTIC: [8] Undefined index: submod D:\xampp\htdocs\managehelper\Index\Lib\Action\IndexAction.class.php 第 151 行.
NOTIC: [8] Undefined index: tab D:\xampp\htdocs\managehelper\Index\Lib\Action\IndexAction.class.php 第 153 行.
NOTIC: [8] Undefined index: submod D:\xampp\htdocs\managehelper\Index\Lib\Action\IndexAction.class.php 第 151 行.
NOTIC: [8] Undefined index: tab D:\xampp\htdocs\managehelper\Index\Lib\Action\IndexAction.class.php 第 153 行.
NOTIC: [8] Undefined index: submod D:\xampp\htdocs\managehelper\Index\Lib\Action\IndexAction.class.php 第 151 行.
NOTIC: [8] Undefined index: tab D:\xampp\htdocs\managehelper\Index\Lib\Action\IndexAction.class.php 第 153 行.
NOTIC: [8] Undefined index: submod D:\xampp\htdocs\managehelper\Index\Lib\Action\IndexAction.class.php 第 151 行.
NOTIC: [8] Undefined index: tab D:\xampp\htdocs\managehelper\Index\Lib\Action\IndexAction.class.php 第 153 行.
NOTIC: [8] Undefined index: submod D:\xampp\htdocs\managehelper\Index\Lib\Action\IndexAction.class.php 第 151 行.
NOTIC: [8] Undefined index: tab D:\xampp\htdocs\managehelper\Index\Lib\Action\IndexAction.class.php 第 153 行.
NOTIC: [8] Undefined index: submod D:\xampp\htdocs\managehelper\Index\Lib\Action\IndexAction.class.php 第 151 行.
NOTIC: [8] Undefined index: tab D:\xampp\htdocs\managehelper\Index\Lib\Action\IndexAction.class.php 第 153 行.
NOTIC: [8] Undefined index: submod D:\xampp\htdocs\managehelper\Index\Lib\Action\IndexAction.class.php 第 151 行.
NOTIC: [8] Undefined index: submod D:\xampp\htdocs\managehelper\Index\Lib\Action\IndexAction.class.php 第 151 行.
NOTIC: [8] Undefined index: tab D:\xampp\htdocs\managehelper\Index\Lib\Action\IndexAction.class.php 第 153 行.
NOTIC: [8] Undefined index: submod D:\xampp\htdocs\managehelper\Index\Lib\Action\IndexAction.class.php 第 151 行.
NOTIC: [8] Undefined index: tab D:\xampp\htdocs\managehelper\Index\Lib\Action\IndexAction.class.php 第 153 行.
NOTIC: [8] Undefined index: submod D:\xampp\htdocs\managehelper\Index\Lib\Action\IndexAction.class.php 第 151 行.
NOTIC: [8] Undefined index: tab D:\xampp\htdocs\managehelper\Index\Lib\Action\IndexAction.class.php 第 153 行.
NOTIC: [8] Undefined index: submod D:\xampp\htdocs\managehelper\Index\Lib\Action\IndexAction.class.php 第 151 行.
NOTIC: [8] Undefined index: tab D:\xampp\htdocs\managehelper\Index\Lib\Action\IndexAction.class.php 第 153 行.
NOTIC: [8] Undefined index: submod D:\xampp\htdocs\managehelper\Index\Lib\Action\IndexAction.class.php 第 151 行.
NOTIC: [8] Undefined index: tab D:\xampp\htdocs\managehelper\Index\Lib\Action\IndexAction.class.php 第 153 行.
NOTIC: [8] Undefined index: submod D:\xampp\htdocs\managehelper\Index\Lib\Action\IndexAction.class.php 第 151 行.
NOTIC: [8] Undefined index: tab D:\xampp\htdocs\managehelper\Index\Lib\Action\IndexAction.class.php 第 153 行.
NOTIC: [8] Undefined index: submod D:\xampp\htdocs\managehelper\Index\Lib\Action\IndexAction.class.php 第 151 行.
NOTIC: [8] Undefined index: tab D:\xampp\htdocs\managehelper\Index\Lib\Action\IndexAction.class.php 第 153 行.
NOTIC: [8] Undefined index: submod D:\xampp\htdocs\managehelper\Index\Lib\Action\IndexAction.class.php 第 151 行.
NOTIC: [8] Undefined index: tab D:\xampp\htdocs\managehelper\Index\Lib\Action\IndexAction.class.php 第 153 行.
NOTIC: [8] Undefined index: submod D:\xampp\htdocs\managehelper\Index\Lib\Action\IndexAction.class.php 第 151 行.
NOTIC: [8] Undefined index: tab D:\xampp\htdocs\managehelper\Index\Lib\Action\IndexAction.class.php 第 153 行.
NOTIC: [8] Undefined index: submod D:\xampp\htdocs\managehelper\Index\Lib\Action\IndexAction.class.php 第 151 行.
NOTIC: [8] Undefined index: tab D:\xampp\htdocs\managehelper\Index\Lib\Action\IndexAction.class.php 第 153 行.
NOTIC: [8] Undefined index: submod D:\xampp\htdocs\managehelper\Index\Lib\Action\IndexAction.class.php 第 151 行.
NOTIC: [8] Undefined index: submod D:\xampp\htdocs\managehelper\Index\Lib\Action\IndexAction.class.php 第 151 行.
NOTIC: [8] Undefined index: tab D:\xampp\htdocs\managehelper\Index\Lib\Action\IndexAction.class.php 第 153 行.
NOTIC: [8] Undefined index: submod D:\xampp\htdocs\managehelper\Index\Lib\Action\IndexAction.class.php 第 151 行.
NOTIC: [8] Undefined index: tab D:\xampp\htdocs\managehelper\Index\Lib\Action\IndexAction.class.php 第 153 行.
NOTIC: [8] Undefined index: submod D:\xampp\htdocs\managehelper\Index\Lib\Action\IndexAction.class.php 第 151 行.
NOTIC: [8] Undefined index: tab D:\xampp\htdocs\managehelper\Index\Lib\Action\IndexAction.class.php 第 153 行.
NOTIC: [8] Undefined index: submod D:\xampp\htdocs\managehelper\Index\Lib\Action\IndexAction.class.php 第 151 行.
NOTIC: [8] Undefined index: tab D:\xampp\htdocs\managehelper\Index\Lib\Action\IndexAction.class.php 第 153 行.
NOTIC: [8] Undefined index: submod D:\xampp\htdocs\managehelper\Index\Lib\Action\IndexAction.class.php 第 151 行.
NOTIC: [8] Undefined index: tab D:\xampp\htdocs\managehelper\Index\Lib\Action\IndexAction.class.php 第 153 行.
NOTIC: [8] Undefined index: submod D:\xampp\htdocs\managehelper\Index\Lib\Action\IndexAction.class.php 第 151 行.
NOTIC: [8] Undefined index: tab D:\xampp\htdocs\managehelper\Index\Lib\Action\IndexAction.class.php 第 153 行.
NOTIC: [8] Undefined index: tab D:\xampp\htdocs\managehelper\Index\Lib\Action\IndexAction.class.php 第 153 行.
NOTIC: [8] Undefined index: submod D:\xampp\htdocs\managehelper\Index\Lib\Action\IndexAction.class.php 第 151 行.
NOTIC: [8] Undefined index: submod D:\xampp\htdocs\managehelper\Index\Lib\Action\IndexAction.class.php 第 151 行.
NOTIC: [8] Undefined index: tab D:\xampp\htdocs\managehelper\Index\Lib\Action\IndexAction.class.php 第 153 行.
NOTIC: [8] Undefined index: submod D:\xampp\htdocs\managehelper\Index\Lib\Action\IndexAction.class.php 第 151 行.
NOTIC: [8] Undefined index: tab D:\xampp\htdocs\managehelper\Index\Lib\Action\IndexAction.class.php 第 153 行.
NOTIC: [8] Undefined index: submod D:\xampp\htdocs\managehelper\Index\Lib\Action\IndexAction.class.php 第 151 行.
NOTIC: [8] Undefined index: tab D:\xampp\htdocs\managehelper\Index\Lib\Action\IndexAction.class.php 第 153 行.
NOTIC: [8] Undefined index: submod D:\xampp\htdocs\managehelper\Index\Lib\Action\IndexAction.class.php 第 151 行.
NOTIC: [8] Undefined index: tab D:\xampp\htdocs\managehelper\Index\Lib\Action\IndexAction.class.php 第 153 行.
NOTIC: [8] Undefined index: submod D:\xampp\htdocs\managehelper\Index\Lib\Action\IndexAction.class.php 第 151 行.
NOTIC: [8] Undefined index: submod D:\xampp\htdocs\managehelper\Index\Lib\Action\IndexAction.class.php 第 151 行.
NOTIC: [8] Undefined index: tab D:\xampp\htdocs\managehelper\Index\Lib\Action\IndexAction.class.php 第 153 行.
NOTIC: [8] Undefined index: submod D:\xampp\htdocs\managehelper\Index\Lib\Action\IndexAction.class.php 第 151 行.
NOTIC: [8] Undefined index: tab D:\xampp\htdocs\managehelper\Index\Lib\Action\IndexAction.class.php 第 153 行.
NOTIC: [8] Undefined index: submod D:\xampp\htdocs\managehelper\Index\Lib\Action\IndexAction.class.php 第 151 行.
NOTIC: [8] Undefined index: tab D:\xampp\htdocs\managehelper\Index\Lib\Action\IndexAction.class.php 第 153 行.
NOTIC: [8] Undefined index: submod D:\xampp\htdocs\managehelper\Index\Lib\Action\IndexAction.class.php 第 151 行.
NOTIC: [8] Undefined index: tab D:\xampp\htdocs\managehelper\Index\Lib\Action\IndexAction.class.php 第 153 行.
NOTIC: [8] Undefined index: submod D:\xampp\htdocs\managehelper\Index\Lib\Action\IndexAction.class.php 第 151 行.
NOTIC: [8] Undefined index: tab D:\xampp\htdocs\managehelper\Index\Lib\Action\IndexAction.class.php 第 153 行.
NOTIC: [8] Undefined index: submod D:\xampp\htdocs\managehelper\Index\Lib\Action\IndexAction.class.php 第 151 行.
NOTIC: [8] Undefined index: tab D:\xampp\htdocs\managehelper\Index\Lib\Action\IndexAction.class.php 第 153 行.
NOTIC: [8] Undefined offset: 0 D:\xampp\htdocs\managehelper\Index\Lib\Action\IndexAction.class.php 第 146 行.

[ 2018-07-19T00:00:34+08:00 ] 0.0.0.0 /managehelper/index.php/Index/buildall
INFO: [ route_check ] --START--
INFO: CheckRoute Behavior ::run [ RunTime:0.001000s ]
INFO: [ route_check ] --END-- [ RunTime:0.001000s ]
NOTIC: [8192] preg_replace(): The /e modifier is deprecated, use preg_replace_callback instead D:\xampp\htdocs\managehelper\ThinkPHP\Lib\Core\Dispatcher.class.php 第 132 行.
INFO: [ app_begin ] --START--
INFO: ReadHtmlCache Behavior ::run [ RunTime:0.001000s ]
INFO: [ app_begin ] --END-- [ RunTime:0.001000s ]
NOTIC: [8] Use of undefined constant tree_data - assumed 'tree_data' D:\xampp\htdocs\managehelper\Index\Lib\Action\IndexAction.class.php 第 124 行.
NOTIC: [8] Undefined index: submod D:\xampp\htdocs\managehelper\Index\Lib\Action\IndexAction.class.php 第 151 行.
NOTIC: [8] Undefined index: tab D:\xampp\htdocs\managehelper\Index\Lib\Action\IndexAction.class.php 第 153 行.
NOTIC: [8] Undefined index: submod D:\xampp\htdocs\managehelper\Index\Lib\Action\IndexAction.class.php 第 151 行.
NOTIC: [8] Undefined index: tab D:\xampp\htdocs\managehelper\Index\Lib\Action\IndexAction.class.php 第 153 行.
NOTIC: [8] Undefined index: submod D:\xampp\htdocs\managehelper\Index\Lib\Action\IndexAction.class.php 第 151 行.
NOTIC: [8] Undefined index: tab D:\xampp\htdocs\managehelper\Index\Lib\Action\IndexAction.class.php 第 153 行.
NOTIC: [8] Undefined index: submod D:\xampp\htdocs\managehelper\Index\Lib\Action\IndexAction.class.php 第 151 行.
NOTIC: [8] Undefined index: tab D:\xampp\htdocs\managehelper\Index\Lib\Action\IndexAction.class.php 第 153 行.
NOTIC: [8] Undefined index: submod D:\xampp\htdocs\managehelper\Index\Lib\Action\IndexAction.class.php 第 151 行.
NOTIC: [8] Undefined index: tab D:\xampp\htdocs\managehelper\Index\Lib\Action\IndexAction.class.php 第 153 行.
NOTIC: [8] Undefined index: submod D:\xampp\htdocs\managehelper\Index\Lib\Action\IndexAction.class.php 第 151 行.
NOTIC: [8] Undefined index: tab D:\xampp\htdocs\managehelper\Index\Lib\Action\IndexAction.class.php 第 153 行.
NOTIC: [8] Undefined index: submod D:\xampp\htdocs\managehelper\Index\Lib\Action\IndexAction.class.php 第 151 行.
NOTIC: [8] Undefined index: tab D:\xampp\htdocs\managehelper\Index\Lib\Action\IndexAction.class.php 第 153 行.
NOTIC: [8] Undefined index: submod D:\xampp\htdocs\managehelper\Index\Lib\Action\IndexAction.class.php 第 151 行.
NOTIC: [8] Undefined index: tab D:\xampp\htdocs\managehelper\Index\Lib\Action\IndexAction.class.php 第 153 行.
NOTIC: [8] Undefined index: submod D:\xampp\htdocs\managehelper\Index\Lib\Action\IndexAction.class.php 第 151 行.
NOTIC: [8] Undefined index: tab D:\xampp\htdocs\managehelper\Index\Lib\Action\IndexAction.class.php 第 153 行.
NOTIC: [8] Undefined index: submod D:\xampp\htdocs\managehelper\Index\Lib\Action\IndexAction.class.php 第 151 行.
NOTIC: [8] Undefined index: tab D:\xampp\htdocs\managehelper\Index\Lib\Action\IndexAction.class.php 第 153 行.
NOTIC: [8] Undefined index: submod D:\xampp\htdocs\managehelper\Index\Lib\Action\IndexAction.class.php 第 151 行.
NOTIC: [8] Undefined index: tab D:\xampp\htdocs\managehelper\Index\Lib\Action\IndexAction.class.php 第 153 行.
NOTIC: [8] Undefined index: submod D:\xampp\htdocs\managehelper\Index\Lib\Action\IndexAction.class.php 第 151 行.
NOTIC: [8] Undefined index: submod D:\xampp\htdocs\managehelper\Index\Lib\Action\IndexAction.class.php 第 151 行.
NOTIC: [8] Undefined index: tab D:\xampp\htdocs\managehelper\Index\Lib\Action\IndexAction.class.php 第 153 行.
NOTIC: [8] Undefined index: submod D:\xampp\htdocs\managehelper\Index\Lib\Action\IndexAction.class.php 第 151 行.
NOTIC: [8] Undefined index: tab D:\xampp\htdocs\managehelper\Index\Lib\Action\IndexAction.class.php 第 153 行.
NOTIC: [8] Undefined index: submod D:\xampp\htdocs\managehelper\Index\Lib\Action\IndexAction.class.php 第 151 行.
NOTIC: [8] Undefined index: tab D:\xampp\htdocs\managehelper\Index\Lib\Action\IndexAction.class.php 第 153 行.
NOTIC: [8] Undefined index: submod D:\xampp\htdocs\managehelper\Index\Lib\Action\IndexAction.class.php 第 151 行.
NOTIC: [8] Undefined index: tab D:\xampp\htdocs\managehelper\Index\Lib\Action\IndexAction.class.php 第 153 行.
NOTIC: [8] Undefined index: submod D:\xampp\htdocs\managehelper\Index\Lib\Action\IndexAction.class.php 第 151 行.
NOTIC: [8] Undefined index: tab D:\xampp\htdocs\managehelper\Index\Lib\Action\IndexAction.class.php 第 153 行.
NOTIC: [8] Undefined index: submod D:\xampp\htdocs\managehelper\Index\Lib\Action\IndexAction.class.php 第 151 行.
NOTIC: [8] Undefined index: tab D:\xampp\htdocs\managehelper\Index\Lib\Action\IndexAction.class.php 第 153 行.
NOTIC: [8] Undefined index: submod D:\xampp\htdocs\managehelper\Index\Lib\Action\IndexAction.class.php 第 151 行.
NOTIC: [8] Undefined index: tab D:\xampp\htdocs\managehelper\Index\Lib\Action\IndexAction.class.php 第 153 行.
NOTIC: [8] Undefined index: submod D:\xampp\htdocs\managehelper\Index\Lib\Action\IndexAction.class.php 第 151 行.
NOTIC: [8] Undefined index: tab D:\xampp\htdocs\managehelper\Index\Lib\Action\IndexAction.class.php 第 153 行.
NOTIC: [8] Undefined index: submod D:\xampp\htdocs\managehelper\Index\Lib\Action\IndexAction.class.php 第 151 行.
NOTIC: [8] Undefined index: tab D:\xampp\htdocs\managehelper\Index\Lib\Action\IndexAction.class.php 第 153 行.
NOTIC: [8] Undefined index: submod D:\xampp\htdocs\managehelper\Index\Lib\Action\IndexAction.class.php 第 151 行.
NOTIC: [8] Undefined index: tab D:\xampp\htdocs\managehelper\Index\Lib\Action\IndexAction.class.php 第 153 行.
NOTIC: [8] Undefined index: submod D:\xampp\htdocs\managehelper\Index\Lib\Action\IndexAction.class.php 第 151 行.
NOTIC: [8] Undefined index: submod D:\xampp\htdocs\managehelper\Index\Lib\Action\IndexAction.class.php 第 151 行.
NOTIC: [8] Undefined index: tab D:\xampp\htdocs\managehelper\Index\Lib\Action\IndexAction.class.php 第 153 行.
NOTIC: [8] Undefined index: submod D:\xampp\htdocs\managehelper\Index\Lib\Action\IndexAction.class.php 第 151 行.
NOTIC: [8] Undefined index: tab D:\xampp\htdocs\managehelper\Index\Lib\Action\IndexAction.class.php 第 153 行.
NOTIC: [8] Undefined index: submod D:\xampp\htdocs\managehelper\Index\Lib\Action\IndexAction.class.php 第 151 行.
NOTIC: [8] Undefined index: tab D:\xampp\htdocs\managehelper\Index\Lib\Action\IndexAction.class.php 第 153 行.
NOTIC: [8] Undefined index: submod D:\xampp\htdocs\managehelper\Index\Lib\Action\IndexAction.class.php 第 151 行.
NOTIC: [8] Undefined index: tab D:\xampp\htdocs\managehelper\Index\Lib\Action\IndexAction.class.php 第 153 行.
NOTIC: [8] Undefined index: submod D:\xampp\htdocs\managehelper\Index\Lib\Action\IndexAction.class.php 第 151 行.
NOTIC: [8] Undefined index: tab D:\xampp\htdocs\managehelper\Index\Lib\Action\IndexAction.class.php 第 153 行.
NOTIC: [8] Undefined index: submod D:\xampp\htdocs\managehelper\Index\Lib\Action\IndexAction.class.php 第 151 行.
NOTIC: [8] Undefined index: tab D:\xampp\htdocs\managehelper\Index\Lib\Action\IndexAction.class.php 第 153 行.
NOTIC: [8] Undefined index: tab D:\xampp\htdocs\managehelper\Index\Lib\Action\IndexAction.class.php 第 153 行.
NOTIC: [8] Undefined index: submod D:\xampp\htdocs\managehelper\Index\Lib\Action\IndexAction.class.php 第 151 行.
NOTIC: [8] Undefined index: submod D:\xampp\htdocs\managehelper\Index\Lib\Action\IndexAction.class.php 第 151 行.
NOTIC: [8] Undefined index: tab D:\xampp\htdocs\managehelper\Index\Lib\Action\IndexAction.class.php 第 153 行.
NOTIC: [8] Undefined index: submod D:\xampp\htdocs\managehelper\Index\Lib\Action\IndexAction.class.php 第 151 行.
NOTIC: [8] Undefined index: tab D:\xampp\htdocs\managehelper\Index\Lib\Action\IndexAction.class.php 第 153 行.
NOTIC: [8] Undefined index: submod D:\xampp\htdocs\managehelper\Index\Lib\Action\IndexAction.class.php 第 151 行.
NOTIC: [8] Undefined index: tab D:\xampp\htdocs\managehelper\Index\Lib\Action\IndexAction.class.php 第 153 行.
NOTIC: [8] Undefined index: submod D:\xampp\htdocs\managehelper\Index\Lib\Action\IndexAction.class.php 第 151 行.
NOTIC: [8] Undefined index: tab D:\xampp\htdocs\managehelper\Index\Lib\Action\IndexAction.class.php 第 153 行.
NOTIC: [8] Undefined index: submod D:\xampp\htdocs\managehelper\Index\Lib\Action\IndexAction.class.php 第 151 行.
NOTIC: [8] Undefined index: submod D:\xampp\htdocs\managehelper\Index\Lib\Action\IndexAction.class.php 第 151 行.
NOTIC: [8] Undefined index: tab D:\xampp\htdocs\managehelper\Index\Lib\Action\IndexAction.class.php 第 153 行.
NOTIC: [8] Undefined index: submod D:\xampp\htdocs\managehelper\Index\Lib\Action\IndexAction.class.php 第 151 行.
NOTIC: [8] Undefined index: tab D:\xampp\htdocs\managehelper\Index\Lib\Action\IndexAction.class.php 第 153 行.
NOTIC: [8] Undefined index: submod D:\xampp\htdocs\managehelper\Index\Lib\Action\IndexAction.class.php 第 151 行.
NOTIC: [8] Undefined index: tab D:\xampp\htdocs\managehelper\Index\Lib\Action\IndexAction.class.php 第 153 行.
NOTIC: [8] Undefined index: submod D:\xampp\htdocs\managehelper\Index\Lib\Action\IndexAction.class.php 第 151 行.
NOTIC: [8] Undefined index: tab D:\xampp\htdocs\managehelper\Index\Lib\Action\IndexAction.class.php 第 153 行.
NOTIC: [8] Undefined index: submod D:\xampp\htdocs\managehelper\Index\Lib\Action\IndexAction.class.php 第 151 行.
NOTIC: [8] Undefined index: tab D:\xampp\htdocs\managehelper\Index\Lib\Action\IndexAction.class.php 第 153 行.
NOTIC: [8] Undefined index: submod D:\xampp\htdocs\managehelper\Index\Lib\Action\IndexAction.class.php 第 151 行.
NOTIC: [8] Undefined index: tab D:\xampp\htdocs\managehelper\Index\Lib\Action\IndexAction.class.php 第 153 行.
NOTIC: [8] Undefined offset: 0 D:\xampp\htdocs\managehelper\Index\Lib\Action\IndexAction.class.php 第 146 行.

[ 2018-07-19T00:00:40+08:00 ] 0.0.0.0 /managehelper/index.php/Index/build
INFO: [ route_check ] --START--
INFO: CheckRoute Behavior ::run [ RunTime:0.002000s ]
INFO: [ route_check ] --END-- [ RunTime:0.002000s ]
NOTIC: [8192] preg_replace(): The /e modifier is deprecated, use preg_replace_callback instead D:\xampp\htdocs\managehelper\ThinkPHP\Lib\Core\Dispatcher.class.php 第 132 行.
INFO: [ app_begin ] --START--
INFO: ReadHtmlCache Behavior ::run [ RunTime:0.002000s ]
INFO: [ app_begin ] --END-- [ RunTime:0.002000s ]

[ 2018-07-19T00:01:27+08:00 ] 0.0.0.0 /managehelper/index.php/Index/buildall
INFO: [ route_check ] --START--
INFO: CheckRoute Behavior ::run [ RunTime:0.001000s ]
INFO: [ route_check ] --END-- [ RunTime:0.001000s ]
NOTIC: [8192] preg_replace(): The /e modifier is deprecated, use preg_replace_callback instead D:\xampp\htdocs\managehelper\ThinkPHP\Lib\Core\Dispatcher.class.php 第 132 行.
INFO: [ app_begin ] --START--
INFO: ReadHtmlCache Behavior ::run [ RunTime:0.001000s ]
INFO: [ app_begin ] --END-- [ RunTime:0.001000s ]
NOTIC: [8] Use of undefined constant tree_data - assumed 'tree_data' D:\xampp\htdocs\managehelper\Index\Lib\Action\IndexAction.class.php 第 124 行.
NOTIC: [8] Undefined index: submod D:\xampp\htdocs\managehelper\Index\Lib\Action\IndexAction.class.php 第 154 行.
NOTIC: [8] Undefined index: tab D:\xampp\htdocs\managehelper\Index\Lib\Action\IndexAction.class.php 第 156 行.
NOTIC: [8] Undefined index: submod D:\xampp\htdocs\managehelper\Index\Lib\Action\IndexAction.class.php 第 154 行.
NOTIC: [8] Undefined index: tab D:\xampp\htdocs\managehelper\Index\Lib\Action\IndexAction.class.php 第 156 行.
NOTIC: [8] Undefined index: submod D:\xampp\htdocs\managehelper\Index\Lib\Action\IndexAction.class.php 第 154 行.
NOTIC: [8] Undefined index: tab D:\xampp\htdocs\managehelper\Index\Lib\Action\IndexAction.class.php 第 156 行.
NOTIC: [8] Undefined index: submod D:\xampp\htdocs\managehelper\Index\Lib\Action\IndexAction.class.php 第 154 行.
NOTIC: [8] Undefined index: tab D:\xampp\htdocs\managehelper\Index\Lib\Action\IndexAction.class.php 第 156 行.
NOTIC: [8] Undefined index: submod D:\xampp\htdocs\managehelper\Index\Lib\Action\IndexAction.class.php 第 154 行.
NOTIC: [8] Undefined index: tab D:\xampp\htdocs\managehelper\Index\Lib\Action\IndexAction.class.php 第 156 行.
NOTIC: [8] Undefined index: submod D:\xampp\htdocs\managehelper\Index\Lib\Action\IndexAction.class.php 第 154 行.
NOTIC: [8] Undefined index: tab D:\xampp\htdocs\managehelper\Index\Lib\Action\IndexAction.class.php 第 156 行.
NOTIC: [8] Undefined index: submod D:\xampp\htdocs\managehelper\Index\Lib\Action\IndexAction.class.php 第 154 行.
NOTIC: [8] Undefined index: tab D:\xampp\htdocs\managehelper\Index\Lib\Action\IndexAction.class.php 第 156 行.
NOTIC: [8] Undefined index: submod D:\xampp\htdocs\managehelper\Index\Lib\Action\IndexAction.class.php 第 154 行.
NOTIC: [8] Undefined index: tab D:\xampp\htdocs\managehelper\Index\Lib\Action\IndexAction.class.php 第 156 行.
NOTIC: [8] Undefined index: submod D:\xampp\htdocs\managehelper\Index\Lib\Action\IndexAction.class.php 第 154 行.
NOTIC: [8] Undefined index: tab D:\xampp\htdocs\managehelper\Index\Lib\Action\IndexAction.class.php 第 156 行.
NOTIC: [8] Undefined index: submod D:\xampp\htdocs\managehelper\Index\Lib\Action\IndexAction.class.php 第 154 行.
NOTIC: [8] Undefined index: tab D:\xampp\htdocs\managehelper\Index\Lib\Action\IndexAction.class.php 第 156 行.
NOTIC: [8] Undefined index: submod D:\xampp\htdocs\managehelper\Index\Lib\Action\IndexAction.class.php 第 154 行.
NOTIC: [8] Undefined index: tab D:\xampp\htdocs\managehelper\Index\Lib\Action\IndexAction.class.php 第 156 行.
NOTIC: [8] Undefined index: submod D:\xampp\htdocs\managehelper\Index\Lib\Action\IndexAction.class.php 第 154 行.
NOTIC: [8] Undefined index: submod D:\xampp\htdocs\managehelper\Index\Lib\Action\IndexAction.class.php 第 154 行.
NOTIC: [8] Undefined index: tab D:\xampp\htdocs\managehelper\Index\Lib\Action\IndexAction.class.php 第 156 行.
NOTIC: [8] Undefined index: submod D:\xampp\htdocs\managehelper\Index\Lib\Action\IndexAction.class.php 第 154 行.
NOTIC: [8] Undefined index: tab D:\xampp\htdocs\managehelper\Index\Lib\Action\IndexAction.class.php 第 156 行.
NOTIC: [8] Undefined index: submod D:\xampp\htdocs\managehelper\Index\Lib\Action\IndexAction.class.php 第 154 行.
NOTIC: [8] Undefined index: tab D:\xampp\htdocs\managehelper\Index\Lib\Action\IndexAction.class.php 第 156 行.
NOTIC: [8] Undefined index: submod D:\xampp\htdocs\managehelper\Index\Lib\Action\IndexAction.class.php 第 154 行.
NOTIC: [8] Undefined index: tab D:\xampp\htdocs\managehelper\Index\Lib\Action\IndexAction.class.php 第 156 行.
NOTIC: [8] Undefined index: submod D:\xampp\htdocs\managehelper\Index\Lib\Action\IndexAction.class.php 第 154 行.
NOTIC: [8] Undefined index: tab D:\xampp\htdocs\managehelper\Index\Lib\Action\IndexAction.class.php 第 156 行.
NOTIC: [8] Undefined index: submod D:\xampp\htdocs\managehelper\Index\Lib\Action\IndexAction.class.php 第 154 行.
NOTIC: [8] Undefined index: tab D:\xampp\htdocs\managehelper\Index\Lib\Action\IndexAction.class.php 第 156 行.
NOTIC: [8] Undefined index: submod D:\xampp\htdocs\managehelper\Index\Lib\Action\IndexAction.class.php 第 154 行.
NOTIC: [8] Undefined index: tab D:\xampp\htdocs\managehelper\Index\Lib\Action\IndexAction.class.php 第 156 行.
NOTIC: [8] Undefined index: submod D:\xampp\htdocs\managehelper\Index\Lib\Action\IndexAction.class.php 第 154 行.
NOTIC: [8] Undefined index: tab D:\xampp\htdocs\managehelper\Index\Lib\Action\IndexAction.class.php 第 156 行.
NOTIC: [8] Undefined index: submod D:\xampp\htdocs\managehelper\Index\Lib\Action\IndexAction.class.php 第 154 行.
NOTIC: [8] Undefined index: tab D:\xampp\htdocs\managehelper\Index\Lib\Action\IndexAction.class.php 第 156 行.
NOTIC: [8] Undefined index: submod D:\xampp\htdocs\managehelper\Index\Lib\Action\IndexAction.class.php 第 154 行.
NOTIC: [8] Undefined index: tab D:\xampp\htdocs\managehelper\Index\Lib\Action\IndexAction.class.php 第 156 行.
NOTIC: [8] Undefined index: submod D:\xampp\htdocs\managehelper\Index\Lib\Action\IndexAction.class.php 第 154 行.
NOTIC: [8] Undefined index: submod D:\xampp\htdocs\managehelper\Index\Lib\Action\IndexAction.class.php 第 154 行.
NOTIC: [8] Undefined index: tab D:\xampp\htdocs\managehelper\Index\Lib\Action\IndexAction.class.php 第 156 行.
NOTIC: [8] Undefined index: submod D:\xampp\htdocs\managehelper\Index\Lib\Action\IndexAction.class.php 第 154 行.
NOTIC: [8] Undefined index: tab D:\xampp\htdocs\managehelper\Index\Lib\Action\IndexAction.class.php 第 156 行.
NOTIC: [8] Undefined index: submod D:\xampp\htdocs\managehelper\Index\Lib\Action\IndexAction.class.php 第 154 行.
NOTIC: [8] Undefined index: tab D:\xampp\htdocs\managehelper\Index\Lib\Action\IndexAction.class.php 第 156 行.
NOTIC: [8] Undefined index: submod D:\xampp\htdocs\managehelper\Index\Lib\Action\IndexAction.class.php 第 154 行.
NOTIC: [8] Undefined index: tab D:\xampp\htdocs\managehelper\Index\Lib\Action\IndexAction.class.php 第 156 行.
NOTIC: [8] Undefined index: submod D:\xampp\htdocs\managehelper\Index\Lib\Action\IndexAction.class.php 第 154 行.
NOTIC: [8] Undefined index: tab D:\xampp\htdocs\managehelper\Index\Lib\Action\IndexAction.class.php 第 156 行.
NOTIC: [8] Undefined index: submod D:\xampp\htdocs\managehelper\Index\Lib\Action\IndexAction.class.php 第 154 行.
NOTIC: [8] Undefined index: tab D:\xampp\htdocs\managehelper\Index\Lib\Action\IndexAction.class.php 第 156 行.
NOTIC: [8] Undefined index: tab D:\xampp\htdocs\managehelper\Index\Lib\Action\IndexAction.class.php 第 156 行.
NOTIC: [8] Undefined index: submod D:\xampp\htdocs\managehelper\Index\Lib\Action\IndexAction.class.php 第 154 行.
NOTIC: [8] Undefined index: submod D:\xampp\htdocs\managehelper\Index\Lib\Action\IndexAction.class.php 第 154 行.
NOTIC: [8] Undefined index: tab D:\xampp\htdocs\managehelper\Index\Lib\Action\IndexAction.class.php 第 156 行.
NOTIC: [8] Undefined index: submod D:\xampp\htdocs\managehelper\Index\Lib\Action\IndexAction.class.php 第 154 行.
NOTIC: [8] Undefined index: tab D:\xampp\htdocs\managehelper\Index\Lib\Action\IndexAction.class.php 第 156 行.
NOTIC: [8] Undefined index: submod D:\xampp\htdocs\managehelper\Index\Lib\Action\IndexAction.class.php 第 154 行.
NOTIC: [8] Undefined index: tab D:\xampp\htdocs\managehelper\Index\Lib\Action\IndexAction.class.php 第 156 行.
NOTIC: [8] Undefined index: submod D:\xampp\htdocs\managehelper\Index\Lib\Action\IndexAction.class.php 第 154 行.
NOTIC: [8] Undefined index: tab D:\xampp\htdocs\managehelper\Index\Lib\Action\IndexAction.class.php 第 156 行.
NOTIC: [8] Undefined index: submod D:\xampp\htdocs\managehelper\Index\Lib\Action\IndexAction.class.php 第 154 行.
NOTIC: [8] Undefined index: submod D:\xampp\htdocs\managehelper\Index\Lib\Action\IndexAction.class.php 第 154 行.
NOTIC: [8] Undefined index: tab D:\xampp\htdocs\managehelper\Index\Lib\Action\IndexAction.class.php 第 156 行.
NOTIC: [8] Undefined index: submod D:\xampp\htdocs\managehelper\Index\Lib\Action\IndexAction.class.php 第 154 行.
NOTIC: [8] Undefined index: tab D:\xampp\htdocs\managehelper\Index\Lib\Action\IndexAction.class.php 第 156 行.
NOTIC: [8] Undefined index: submod D:\xampp\htdocs\managehelper\Index\Lib\Action\IndexAction.class.php 第 154 行.
NOTIC: [8] Undefined index: tab D:\xampp\htdocs\managehelper\Index\Lib\Action\IndexAction.class.php 第 156 行.
NOTIC: [8] Undefined index: submod D:\xampp\htdocs\managehelper\Index\Lib\Action\IndexAction.class.php 第 154 行.
NOTIC: [8] Undefined index: tab D:\xampp\htdocs\managehelper\Index\Lib\Action\IndexAction.class.php 第 156 行.
NOTIC: [8] Undefined index: submod D:\xampp\htdocs\managehelper\Index\Lib\Action\IndexAction.class.php 第 154 行.
NOTIC: [8] Undefined index: tab D:\xampp\htdocs\managehelper\Index\Lib\Action\IndexAction.class.php 第 156 行.
NOTIC: [8] Undefined index: submod D:\xampp\htdocs\managehelper\Index\Lib\Action\IndexAction.class.php 第 154 行.
NOTIC: [8] Undefined index: tab D:\xampp\htdocs\managehelper\Index\Lib\Action\IndexAction.class.php 第 156 行.
NOTIC: [8] Undefined offset: 0 D:\xampp\htdocs\managehelper\Index\Lib\Action\IndexAction.class.php 第 149 行.

[ 2018-07-19T00:01:30+08:00 ] 0.0.0.0 /managehelper/index.php/Index/buildall
INFO: [ route_check ] --START--
INFO: CheckRoute Behavior ::run [ RunTime:0.001000s ]
INFO: [ route_check ] --END-- [ RunTime:0.001000s ]
NOTIC: [8192] preg_replace(): The /e modifier is deprecated, use preg_replace_callback instead D:\xampp\htdocs\managehelper\ThinkPHP\Lib\Core\Dispatcher.class.php 第 132 行.
INFO: [ app_begin ] --START--
INFO: ReadHtmlCache Behavior ::run [ RunTime:0.002000s ]
INFO: [ app_begin ] --END-- [ RunTime:0.002000s ]
NOTIC: [8] Use of undefined constant tree_data - assumed 'tree_data' D:\xampp\htdocs\managehelper\Index\Lib\Action\IndexAction.class.php 第 124 行.
NOTIC: [8] Undefined index: submod D:\xampp\htdocs\managehelper\Index\Lib\Action\IndexAction.class.php 第 154 行.
NOTIC: [8] Undefined index: tab D:\xampp\htdocs\managehelper\Index\Lib\Action\IndexAction.class.php 第 156 行.
NOTIC: [8] Undefined index: submod D:\xampp\htdocs\managehelper\Index\Lib\Action\IndexAction.class.php 第 154 行.
NOTIC: [8] Undefined index: tab D:\xampp\htdocs\managehelper\Index\Lib\Action\IndexAction.class.php 第 156 行.
NOTIC: [8] Undefined index: submod D:\xampp\htdocs\managehelper\Index\Lib\Action\IndexAction.class.php 第 154 行.
NOTIC: [8] Undefined index: tab D:\xampp\htdocs\managehelper\Index\Lib\Action\IndexAction.class.php 第 156 行.
NOTIC: [8] Undefined index: submod D:\xampp\htdocs\managehelper\Index\Lib\Action\IndexAction.class.php 第 154 行.
NOTIC: [8] Undefined index: tab D:\xampp\htdocs\managehelper\Index\Lib\Action\IndexAction.class.php 第 156 行.
NOTIC: [8] Undefined index: submod D:\xampp\htdocs\managehelper\Index\Lib\Action\IndexAction.class.php 第 154 行.
NOTIC: [8] Undefined index: tab D:\xampp\htdocs\managehelper\Index\Lib\Action\IndexAction.class.php 第 156 行.
NOTIC: [8] Undefined index: submod D:\xampp\htdocs\managehelper\Index\Lib\Action\IndexAction.class.php 第 154 行.
NOTIC: [8] Undefined index: tab D:\xampp\htdocs\managehelper\Index\Lib\Action\IndexAction.class.php 第 156 行.
NOTIC: [8] Undefined index: submod D:\xampp\htdocs\managehelper\Index\Lib\Action\IndexAction.class.php 第 154 行.
NOTIC: [8] Undefined index: tab D:\xampp\htdocs\managehelper\Index\Lib\Action\IndexAction.class.php 第 156 行.
NOTIC: [8] Undefined index: submod D:\xampp\htdocs\managehelper\Index\Lib\Action\IndexAction.class.php 第 154 行.
NOTIC: [8] Undefined index: tab D:\xampp\htdocs\managehelper\Index\Lib\Action\IndexAction.class.php 第 156 行.
NOTIC: [8] Undefined index: submod D:\xampp\htdocs\managehelper\Index\Lib\Action\IndexAction.class.php 第 154 行.
NOTIC: [8] Undefined index: tab D:\xampp\htdocs\managehelper\Index\Lib\Action\IndexAction.class.php 第 156 行.
NOTIC: [8] Undefined index: submod D:\xampp\htdocs\managehelper\Index\Lib\Action\IndexAction.class.php 第 154 行.
NOTIC: [8] Undefined index: tab D:\xampp\htdocs\managehelper\Index\Lib\Action\IndexAction.class.php 第 156 行.
NOTIC: [8] Undefined index: submod D:\xampp\htdocs\managehelper\Index\Lib\Action\IndexAction.class.php 第 154 行.
NOTIC: [8] Undefined index: tab D:\xampp\htdocs\managehelper\Index\Lib\Action\IndexAction.class.php 第 156 行.
NOTIC: [8] Undefined index: submod D:\xampp\htdocs\managehelper\Index\Lib\Action\IndexAction.class.php 第 154 行.
NOTIC: [8] Undefined index: submod D:\xampp\htdocs\managehelper\Index\Lib\Action\IndexAction.class.php 第 154 行.
NOTIC: [8] Undefined index: tab D:\xampp\htdocs\managehelper\Index\Lib\Action\IndexAction.class.php 第 156 行.
NOTIC: [8] Undefined index: submod D:\xampp\htdocs\managehelper\Index\Lib\Action\IndexAction.class.php 第 154 行.
NOTIC: [8] Undefined index: tab D:\xampp\htdocs\managehelper\Index\Lib\Action\IndexAction.class.php 第 156 行.
NOTIC: [8] Undefined index: submod D:\xampp\htdocs\managehelper\Index\Lib\Action\IndexAction.class.php 第 154 行.
NOTIC: [8] Undefined index: tab D:\xampp\htdocs\managehelper\Index\Lib\Action\IndexAction.class.php 第 156 行.
NOTIC: [8] Undefined index: submod D:\xampp\htdocs\managehelper\Index\Lib\Action\IndexAction.class.php 第 154 行.
NOTIC: [8] Undefined index: tab D:\xampp\htdocs\managehelper\Index\Lib\Action\IndexAction.class.php 第 156 行.
NOTIC: [8] Undefined index: submod D:\xampp\htdocs\managehelper\Index\Lib\Action\IndexAction.class.php 第 154 行.
NOTIC: [8] Undefined index: tab D:\xampp\htdocs\managehelper\Index\Lib\Action\IndexAction.class.php 第 156 行.
NOTIC: [8] Undefined index: submod D:\xampp\htdocs\managehelper\Index\Lib\Action\IndexAction.class.php 第 154 行.
NOTIC: [8] Undefined index: tab D:\xampp\htdocs\managehelper\Index\Lib\Action\IndexAction.class.php 第 156 行.
NOTIC: [8] Undefined index: submod D:\xampp\htdocs\managehelper\Index\Lib\Action\IndexAction.class.php 第 154 行.
NOTIC: [8] Undefined index: tab D:\xampp\htdocs\managehelper\Index\Lib\Action\IndexAction.class.php 第 156 行.
NOTIC: [8] Undefined index: submod D:\xampp\htdocs\managehelper\Index\Lib\Action\IndexAction.class.php 第 154 行.
NOTIC: [8] Undefined index: tab D:\xampp\htdocs\managehelper\Index\Lib\Action\IndexAction.class.php 第 156 行.
NOTIC: [8] Undefined index: submod D:\xampp\htdocs\managehelper\Index\Lib\Action\IndexAction.class.php 第 154 行.
NOTIC: [8] Undefined index: tab D:\xampp\htdocs\managehelper\Index\Lib\Action\IndexAction.class.php 第 156 行.
NOTIC: [8] Undefined index: submod D:\xampp\htdocs\managehelper\Index\Lib\Action\IndexAction.class.php 第 154 行.
NOTIC: [8] Undefined index: tab D:\xampp\htdocs\managehelper\Index\Lib\Action\IndexAction.class.php 第 156 行.
NOTIC: [8] Undefined index: submod D:\xampp\htdocs\managehelper\Index\Lib\Action\IndexAction.class.php 第 154 行.
NOTIC: [8] Undefined index: submod D:\xampp\htdocs\managehelper\Index\Lib\Action\IndexAction.class.php 第 154 行.
NOTIC: [8] Undefined index: tab D:\xampp\htdocs\managehelper\Index\Lib\Action\IndexAction.class.php 第 156 行.
NOTIC: [8] Undefined index: submod D:\xampp\htdocs\managehelper\Index\Lib\Action\IndexAction.class.php 第 154 行.
NOTIC: [8] Undefined index: tab D:\xampp\htdocs\managehelper\Index\Lib\Action\IndexAction.class.php 第 156 行.
NOTIC: [8] Undefined index: submod D:\xampp\htdocs\managehelper\Index\Lib\Action\IndexAction.class.php 第 154 行.
NOTIC: [8] Undefined index: tab D:\xampp\htdocs\managehelper\Index\Lib\Action\IndexAction.class.php 第 156 行.
NOTIC: [8] Undefined index: submod D:\xampp\htdocs\managehelper\Index\Lib\Action\IndexAction.class.php 第 154 行.
NOTIC: [8] Undefined index: tab D:\xampp\htdocs\managehelper\Index\Lib\Action\IndexAction.class.php 第 156 行.
NOTIC: [8] Undefined index: submod D:\xampp\htdocs\managehelper\Index\Lib\Action\IndexAction.class.php 第 154 行.
NOTIC: [8] Undefined index: tab D:\xampp\htdocs\managehelper\Index\Lib\Action\IndexAction.class.php 第 156 行.
NOTIC: [8] Undefined index: submod D:\xampp\htdocs\managehelper\Index\Lib\Action\IndexAction.class.php 第 154 行.
NOTIC: [8] Undefined index: tab D:\xampp\htdocs\managehelper\Index\Lib\Action\IndexAction.class.php 第 156 行.
NOTIC: [8] Undefined index: tab D:\xampp\htdocs\managehelper\Index\Lib\Action\IndexAction.class.php 第 156 行.
NOTIC: [8] Undefined index: submod D:\xampp\htdocs\managehelper\Index\Lib\Action\IndexAction.class.php 第 154 行.
NOTIC: [8] Undefined index: submod D:\xampp\htdocs\managehelper\Index\Lib\Action\IndexAction.class.php 第 154 行.
NOTIC: [8] Undefined index: tab D:\xampp\htdocs\managehelper\Index\Lib\Action\IndexAction.class.php 第 156 行.
NOTIC: [8] Undefined index: submod D:\xampp\htdocs\managehelper\Index\Lib\Action\IndexAction.class.php 第 154 行.
NOTIC: [8] Undefined index: tab D:\xampp\htdocs\managehelper\Index\Lib\Action\IndexAction.class.php 第 156 行.
NOTIC: [8] Undefined index: submod D:\xampp\htdocs\managehelper\Index\Lib\Action\IndexAction.class.php 第 154 行.
NOTIC: [8] Undefined index: tab D:\xampp\htdocs\managehelper\Index\Lib\Action\IndexAction.class.php 第 156 行.
NOTIC: [8] Undefined index: submod D:\xampp\htdocs\managehelper\Index\Lib\Action\IndexAction.class.php 第 154 行.
NOTIC: [8] Undefined index: tab D:\xampp\htdocs\managehelper\Index\Lib\Action\IndexAction.class.php 第 156 行.
NOTIC: [8] Undefined index: submod D:\xampp\htdocs\managehelper\Index\Lib\Action\IndexAction.class.php 第 154 行.
NOTIC: [8] Undefined index: submod D:\xampp\htdocs\managehelper\Index\Lib\Action\IndexAction.class.php 第 154 行.
NOTIC: [8] Undefined index: tab D:\xampp\htdocs\managehelper\Index\Lib\Action\IndexAction.class.php 第 156 行.
NOTIC: [8] Undefined index: submod D:\xampp\htdocs\managehelper\Index\Lib\Action\IndexAction.class.php 第 154 行.
NOTIC: [8] Undefined index: tab D:\xampp\htdocs\managehelper\Index\Lib\Action\IndexAction.class.php 第 156 行.
NOTIC: [8] Undefined index: submod D:\xampp\htdocs\managehelper\Index\Lib\Action\IndexAction.class.php 第 154 行.
NOTIC: [8] Undefined index: tab D:\xampp\htdocs\managehelper\Index\Lib\Action\IndexAction.class.php 第 156 行.
NOTIC: [8] Undefined index: submod D:\xampp\htdocs\managehelper\Index\Lib\Action\IndexAction.class.php 第 154 行.
NOTIC: [8] Undefined index: tab D:\xampp\htdocs\managehelper\Index\Lib\Action\IndexAction.class.php 第 156 行.
NOTIC: [8] Undefined index: submod D:\xampp\htdocs\managehelper\Index\Lib\Action\IndexAction.class.php 第 154 行.
NOTIC: [8] Undefined index: tab D:\xampp\htdocs\managehelper\Index\Lib\Action\IndexAction.class.php 第 156 行.
NOTIC: [8] Undefined index: submod D:\xampp\htdocs\managehelper\Index\Lib\Action\IndexAction.class.php 第 154 行.
NOTIC: [8] Undefined index: tab D:\xampp\htdocs\managehelper\Index\Lib\Action\IndexAction.class.php 第 156 行.
NOTIC: [8] Undefined offset: 0 D:\xampp\htdocs\managehelper\Index\Lib\Action\IndexAction.class.php 第 149 行.

[ 2018-07-19T00:02:26+08:00 ] 0.0.0.0 /managehelper/index.php/Index/buildall
INFO: [ route_check ] --START--
INFO: CheckRoute Behavior ::run [ RunTime:0.001000s ]
INFO: [ route_check ] --END-- [ RunTime:0.001000s ]
NOTIC: [8192] preg_replace(): The /e modifier is deprecated, use preg_replace_callback instead D:\xampp\htdocs\managehelper\ThinkPHP\Lib\Core\Dispatcher.class.php 第 132 行.
INFO: [ app_begin ] --START--
INFO: ReadHtmlCache Behavior ::run [ RunTime:0.001000s ]
INFO: [ app_begin ] --END-- [ RunTime:0.001000s ]

[ 2018-07-19T00:02:38+08:00 ] 0.0.0.0 /managehelper/index.php/Index/buildall
INFO: [ route_check ] --START--
INFO: CheckRoute Behavior ::run [ RunTime:0.002000s ]
INFO: [ route_check ] --END-- [ RunTime:0.002000s ]
NOTIC: [8192] preg_replace(): The /e modifier is deprecated, use preg_replace_callback instead D:\xampp\htdocs\managehelper\ThinkPHP\Lib\Core\Dispatcher.class.php 第 132 行.
INFO: [ app_begin ] --START--
INFO: ReadHtmlCache Behavior ::run [ RunTime:0.001000s ]
INFO: [ app_begin ] --END-- [ RunTime:0.001000s ]

[ 2018-07-19T00:02:38+08:00 ] 0.0.0.0 /managehelper/index.php/Index/buildall
INFO: [ route_check ] --START--
INFO: CheckRoute Behavior ::run [ RunTime:0.001000s ]
INFO: [ route_check ] --END-- [ RunTime:0.001000s ]
NOTIC: [8192] preg_replace(): The /e modifier is deprecated, use preg_replace_callback instead D:\xampp\htdocs\managehelper\ThinkPHP\Lib\Core\Dispatcher.class.php 第 132 行.
INFO: [ app_begin ] --START--
INFO: ReadHtmlCache Behavior ::run [ RunTime:0.000000s ]
INFO: [ app_begin ] --END-- [ RunTime:0.001000s ]

[ 2018-07-19T00:02:48+08:00 ] 0.0.0.0 /managehelper/index.php/Index/buildall
INFO: [ route_check ] --START--
INFO: CheckRoute Behavior ::run [ RunTime:0.001000s ]
INFO: [ route_check ] --END-- [ RunTime:0.001000s ]
NOTIC: [8192] preg_replace(): The /e modifier is deprecated, use preg_replace_callback instead D:\xampp\htdocs\managehelper\ThinkPHP\Lib\Core\Dispatcher.class.php 第 132 行.
INFO: [ app_begin ] --START--
INFO: ReadHtmlCache Behavior ::run [ RunTime:0.000000s ]
INFO: [ app_begin ] --END-- [ RunTime:0.000000s ]
NOTIC: [8] Use of undefined constant tree_data - assumed 'tree_data' D:\xampp\htdocs\managehelper\Index\Lib\Action\IndexAction.class.php 第 124 行.
NOTIC: [8] Undefined index: submod D:\xampp\htdocs\managehelper\Index\Lib\Action\IndexAction.class.php 第 154 行.
NOTIC: [8] Undefined index: tab D:\xampp\htdocs\managehelper\Index\Lib\Action\IndexAction.class.php 第 156 行.
NOTIC: [8] Undefined index: submod D:\xampp\htdocs\managehelper\Index\Lib\Action\IndexAction.class.php 第 154 行.
NOTIC: [8] Undefined index: tab D:\xampp\htdocs\managehelper\Index\Lib\Action\IndexAction.class.php 第 156 行.
NOTIC: [8] Undefined index: submod D:\xampp\htdocs\managehelper\Index\Lib\Action\IndexAction.class.php 第 154 行.
NOTIC: [8] Undefined index: tab D:\xampp\htdocs\managehelper\Index\Lib\Action\IndexAction.class.php 第 156 行.
NOTIC: [8] Undefined index: submod D:\xampp\htdocs\managehelper\Index\Lib\Action\IndexAction.class.php 第 154 行.
NOTIC: [8] Undefined index: tab D:\xampp\htdocs\managehelper\Index\Lib\Action\IndexAction.class.php 第 156 行.
NOTIC: [8] Undefined index: submod D:\xampp\htdocs\managehelper\Index\Lib\Action\IndexAction.class.php 第 154 行.
NOTIC: [8] Undefined index: tab D:\xampp\htdocs\managehelper\Index\Lib\Action\IndexAction.class.php 第 156 行.
NOTIC: [8] Undefined index: submod D:\xampp\htdocs\managehelper\Index\Lib\Action\IndexAction.class.php 第 154 行.
NOTIC: [8] Undefined index: tab D:\xampp\htdocs\managehelper\Index\Lib\Action\IndexAction.class.php 第 156 行.
NOTIC: [8] Undefined index: submod D:\xampp\htdocs\managehelper\Index\Lib\Action\IndexAction.class.php 第 154 行.
NOTIC: [8] Undefined index: tab D:\xampp\htdocs\managehelper\Index\Lib\Action\IndexAction.class.php 第 156 行.
NOTIC: [8] Undefined index: submod D:\xampp\htdocs\managehelper\Index\Lib\Action\IndexAction.class.php 第 154 行.
NOTIC: [8] Undefined index: tab D:\xampp\htdocs\managehelper\Index\Lib\Action\IndexAction.class.php 第 156 行.
NOTIC: [8] Undefined index: submod D:\xampp\htdocs\managehelper\Index\Lib\Action\IndexAction.class.php 第 154 行.
NOTIC: [8] Undefined index: tab D:\xampp\htdocs\managehelper\Index\Lib\Action\IndexAction.class.php 第 156 行.
NOTIC: [8] Undefined index: submod D:\xampp\htdocs\managehelper\Index\Lib\Action\IndexAction.class.php 第 154 行.
NOTIC: [8] Undefined index: tab D:\xampp\htdocs\managehelper\Index\Lib\Action\IndexAction.class.php 第 156 行.
NOTIC: [8] Undefined index: submod D:\xampp\htdocs\managehelper\Index\Lib\Action\IndexAction.class.php 第 154 行.
NOTIC: [8] Undefined index: tab D:\xampp\htdocs\managehelper\Index\Lib\Action\IndexAction.class.php 第 156 行.
NOTIC: [8] Undefined index: submod D:\xampp\htdocs\managehelper\Index\Lib\Action\IndexAction.class.php 第 154 行.
NOTIC: [8] Undefined index: submod D:\xampp\htdocs\managehelper\Index\Lib\Action\IndexAction.class.php 第 154 行.
NOTIC: [8] Undefined index: tab D:\xampp\htdocs\managehelper\Index\Lib\Action\IndexAction.class.php 第 156 行.
NOTIC: [8] Undefined index: submod D:\xampp\htdocs\managehelper\Index\Lib\Action\IndexAction.class.php 第 154 行.
NOTIC: [8] Undefined index: tab D:\xampp\htdocs\managehelper\Index\Lib\Action\IndexAction.class.php 第 156 行.
NOTIC: [8] Undefined index: submod D:\xampp\htdocs\managehelper\Index\Lib\Action\IndexAction.class.php 第 154 行.
NOTIC: [8] Undefined index: tab D:\xampp\htdocs\managehelper\Index\Lib\Action\IndexAction.class.php 第 156 行.
NOTIC: [8] Undefined index: submod D:\xampp\htdocs\managehelper\Index\Lib\Action\IndexAction.class.php 第 154 行.
NOTIC: [8] Undefined index: tab D:\xampp\htdocs\managehelper\Index\Lib\Action\IndexAction.class.php 第 156 行.
NOTIC: [8] Undefined index: submod D:\xampp\htdocs\managehelper\Index\Lib\Action\IndexAction.class.php 第 154 行.
NOTIC: [8] Undefined index: tab D:\xampp\htdocs\managehelper\Index\Lib\Action\IndexAction.class.php 第 156 行.
NOTIC: [8] Undefined index: submod D:\xampp\htdocs\managehelper\Index\Lib\Action\IndexAction.class.php 第 154 行.
NOTIC: [8] Undefined index: tab D:\xampp\htdocs\managehelper\Index\Lib\Action\IndexAction.class.php 第 156 行.
NOTIC: [8] Undefined index: submod D:\xampp\htdocs\managehelper\Index\Lib\Action\IndexAction.class.php 第 154 行.
NOTIC: [8] Undefined index: tab D:\xampp\htdocs\managehelper\Index\Lib\Action\IndexAction.class.php 第 156 行.
NOTIC: [8] Undefined index: submod D:\xampp\htdocs\managehelper\Index\Lib\Action\IndexAction.class.php 第 154 行.
NOTIC: [8] Undefined index: tab D:\xampp\htdocs\managehelper\Index\Lib\Action\IndexAction.class.php 第 156 行.
NOTIC: [8] Undefined index: submod D:\xampp\htdocs\managehelper\Index\Lib\Action\IndexAction.class.php 第 154 行.
NOTIC: [8] Undefined index: tab D:\xampp\htdocs\managehelper\Index\Lib\Action\IndexAction.class.php 第 156 行.
NOTIC: [8] Undefined index: submod D:\xampp\htdocs\managehelper\Index\Lib\Action\IndexAction.class.php 第 154 行.
NOTIC: [8] Undefined index: tab D:\xampp\htdocs\managehelper\Index\Lib\Action\IndexAction.class.php 第 156 行.
NOTIC: [8] Undefined index: submod D:\xampp\htdocs\managehelper\Index\Lib\Action\IndexAction.class.php 第 154 行.
NOTIC: [8] Undefined index: submod D:\xampp\htdocs\managehelper\Index\Lib\Action\IndexAction.class.php 第 154 行.
NOTIC: [8] Undefined index: tab D:\xampp\htdocs\managehelper\Index\Lib\Action\IndexAction.class.php 第 156 行.
NOTIC: [8] Undefined index: submod D:\xampp\htdocs\managehelper\Index\Lib\Action\IndexAction.class.php 第 154 行.
NOTIC: [8] Undefined index: tab D:\xampp\htdocs\managehelper\Index\Lib\Action\IndexAction.class.php 第 156 行.
NOTIC: [8] Undefined index: submod D:\xampp\htdocs\managehelper\Index\Lib\Action\IndexAction.class.php 第 154 行.
NOTIC: [8] Undefined index: tab D:\xampp\htdocs\managehelper\Index\Lib\Action\IndexAction.class.php 第 156 行.
NOTIC: [8] Undefined index: submod D:\xampp\htdocs\managehelper\Index\Lib\Action\IndexAction.class.php 第 154 行.
NOTIC: [8] Undefined index: tab D:\xampp\htdocs\managehelper\Index\Lib\Action\IndexAction.class.php 第 156 行.
NOTIC: [8] Undefined index: submod D:\xampp\htdocs\managehelper\Index\Lib\Action\IndexAction.class.php 第 154 行.
NOTIC: [8] Undefined index: tab D:\xampp\htdocs\managehelper\Index\Lib\Action\IndexAction.class.php 第 156 行.
NOTIC: [8] Undefined index: submod D:\xampp\htdocs\managehelper\Index\Lib\Action\IndexAction.class.php 第 154 行.
NOTIC: [8] Undefined index: tab D:\xampp\htdocs\managehelper\Index\Lib\Action\IndexAction.class.php 第 156 行.
NOTIC: [8] Undefined index: tab D:\xampp\htdocs\managehelper\Index\Lib\Action\IndexAction.class.php 第 156 行.
NOTIC: [8] Undefined index: submod D:\xampp\htdocs\managehelper\Index\Lib\Action\IndexAction.class.php 第 154 行.
NOTIC: [8] Undefined index: submod D:\xampp\htdocs\managehelper\Index\Lib\Action\IndexAction.class.php 第 154 行.
NOTIC: [8] Undefined index: tab D:\xampp\htdocs\managehelper\Index\Lib\Action\IndexAction.class.php 第 156 行.
NOTIC: [8] Undefined index: submod D:\xampp\htdocs\managehelper\Index\Lib\Action\IndexAction.class.php 第 154 行.
NOTIC: [8] Undefined index: tab D:\xampp\htdocs\managehelper\Index\Lib\Action\IndexAction.class.php 第 156 行.
NOTIC: [8] Undefined index: submod D:\xampp\htdocs\managehelper\Index\Lib\Action\IndexAction.class.php 第 154 行.
NOTIC: [8] Undefined index: tab D:\xampp\htdocs\managehelper\Index\Lib\Action\IndexAction.class.php 第 156 行.
NOTIC: [8] Undefined index: submod D:\xampp\htdocs\managehelper\Index\Lib\Action\IndexAction.class.php 第 154 行.
NOTIC: [8] Undefined index: tab D:\xampp\htdocs\managehelper\Index\Lib\Action\IndexAction.class.php 第 156 行.
NOTIC: [8] Undefined index: submod D:\xampp\htdocs\managehelper\Index\Lib\Action\IndexAction.class.php 第 154 行.
NOTIC: [8] Undefined index: submod D:\xampp\htdocs\managehelper\Index\Lib\Action\IndexAction.class.php 第 154 行.
NOTIC: [8] Undefined index: tab D:\xampp\htdocs\managehelper\Index\Lib\Action\IndexAction.class.php 第 156 行.
NOTIC: [8] Undefined index: submod D:\xampp\htdocs\managehelper\Index\Lib\Action\IndexAction.class.php 第 154 行.
NOTIC: [8] Undefined index: tab D:\xampp\htdocs\managehelper\Index\Lib\Action\IndexAction.class.php 第 156 行.
NOTIC: [8] Undefined index: submod D:\xampp\htdocs\managehelper\Index\Lib\Action\IndexAction.class.php 第 154 行.
NOTIC: [8] Undefined index: tab D:\xampp\htdocs\managehelper\Index\Lib\Action\IndexAction.class.php 第 156 行.
NOTIC: [8] Undefined index: submod D:\xampp\htdocs\managehelper\Index\Lib\Action\IndexAction.class.php 第 154 行.
NOTIC: [8] Undefined index: tab D:\xampp\htdocs\managehelper\Index\Lib\Action\IndexAction.class.php 第 156 行.
NOTIC: [8] Undefined index: submod D:\xampp\htdocs\managehelper\Index\Lib\Action\IndexAction.class.php 第 154 行.
NOTIC: [8] Undefined index: tab D:\xampp\htdocs\managehelper\Index\Lib\Action\IndexAction.class.php 第 156 行.
NOTIC: [8] Undefined index: submod D:\xampp\htdocs\managehelper\Index\Lib\Action\IndexAction.class.php 第 154 行.
NOTIC: [8] Undefined index: tab D:\xampp\htdocs\managehelper\Index\Lib\Action\IndexAction.class.php 第 156 行.
NOTIC: [8] Undefined offset: 0 D:\xampp\htdocs\managehelper\Index\Lib\Action\IndexAction.class.php 第 149 行.

[ 2018-07-19T00:02:56+08:00 ] 0.0.0.0 /managehelper/index.php/Index/build
INFO: [ route_check ] --START--
INFO: CheckRoute Behavior ::run [ RunTime:0.001000s ]
INFO: [ route_check ] --END-- [ RunTime:0.001000s ]
NOTIC: [8192] preg_replace(): The /e modifier is deprecated, use preg_replace_callback instead D:\xampp\htdocs\managehelper\ThinkPHP\Lib\Core\Dispatcher.class.php 第 132 行.
INFO: [ app_begin ] --START--
INFO: ReadHtmlCache Behavior ::run [ RunTime:0.000000s ]
INFO: [ app_begin ] --END-- [ RunTime:0.000000s ]
NOTIC: [2] Illegal string offset 'name' D:\xampp\htdocs\managehelper\Index\Lib\Action\IndexAction.class.php 第 142 行.
NOTIC: [2] Illegal string offset 'name' D:\xampp\htdocs\managehelper\Index\Lib\Action\IndexAction.class.php 第 142 行.
NOTIC: [8] Undefined index: name D:\xampp\htdocs\managehelper\Index\Lib\Action\IndexAction.class.php 第 142 行.
NOTIC: [2] Illegal string offset 'name' D:\xampp\htdocs\managehelper\Index\Lib\Action\IndexAction.class.php 第 142 行.
NOTIC: [2] Illegal string offset 'name' D:\xampp\htdocs\managehelper\Index\Lib\Action\IndexAction.class.php 第 142 行.
NOTIC: [8] Undefined index: name D:\xampp\htdocs\managehelper\Index\Lib\Action\IndexAction.class.php 第 142 行.
NOTIC: [2] Illegal string offset 'name' D:\xampp\htdocs\managehelper\Index\Lib\Action\IndexAction.class.php 第 142 行.
NOTIC: [2] Illegal string offset 'name' D:\xampp\htdocs\managehelper\Index\Lib\Action\IndexAction.class.php 第 142 行.
NOTIC: [8] Undefined index: name D:\xampp\htdocs\managehelper\Index\Lib\Action\IndexAction.class.php 第 142 行.

[ 2018-07-19T00:03:46+08:00 ] 0.0.0.0 /managehelper/index.php/Index/buildall
INFO: [ route_check ] --START--
INFO: CheckRoute Behavior ::run [ RunTime:0.002000s ]
INFO: [ route_check ] --END-- [ RunTime:0.002000s ]
NOTIC: [8192] preg_replace(): The /e modifier is deprecated, use preg_replace_callback instead D:\xampp\htdocs\managehelper\ThinkPHP\Lib\Core\Dispatcher.class.php 第 132 行.
INFO: [ app_begin ] --START--
INFO: ReadHtmlCache Behavior ::run [ RunTime:0.001000s ]
INFO: [ app_begin ] --END-- [ RunTime:0.001000s ]
NOTIC: [8] Use of undefined constant tree_data - assumed 'tree_data' D:\xampp\htdocs\managehelper\Index\Lib\Action\IndexAction.class.php 第 124 行.
NOTIC: [8] Undefined index: submod D:\xampp\htdocs\managehelper\Index\Lib\Action\IndexAction.class.php 第 157 行.
NOTIC: [8] Undefined index: tab D:\xampp\htdocs\managehelper\Index\Lib\Action\IndexAction.class.php 第 159 行.
NOTIC: [8] Undefined index: submod D:\xampp\htdocs\managehelper\Index\Lib\Action\IndexAction.class.php 第 157 行.
NOTIC: [8] Undefined index: tab D:\xampp\htdocs\managehelper\Index\Lib\Action\IndexAction.class.php 第 159 行.
NOTIC: [8] Undefined index: submod D:\xampp\htdocs\managehelper\Index\Lib\Action\IndexAction.class.php 第 157 行.
NOTIC: [8] Undefined index: tab D:\xampp\htdocs\managehelper\Index\Lib\Action\IndexAction.class.php 第 159 行.
NOTIC: [8] Undefined index: submod D:\xampp\htdocs\managehelper\Index\Lib\Action\IndexAction.class.php 第 157 行.
NOTIC: [8] Undefined index: tab D:\xampp\htdocs\managehelper\Index\Lib\Action\IndexAction.class.php 第 159 行.
NOTIC: [8] Undefined index: submod D:\xampp\htdocs\managehelper\Index\Lib\Action\IndexAction.class.php 第 157 行.
NOTIC: [8] Undefined index: tab D:\xampp\htdocs\managehelper\Index\Lib\Action\IndexAction.class.php 第 159 行.
NOTIC: [8] Undefined index: submod D:\xampp\htdocs\managehelper\Index\Lib\Action\IndexAction.class.php 第 157 行.
NOTIC: [8] Undefined index: tab D:\xampp\htdocs\managehelper\Index\Lib\Action\IndexAction.class.php 第 159 行.
NOTIC: [8] Undefined index: submod D:\xampp\htdocs\managehelper\Index\Lib\Action\IndexAction.class.php 第 157 行.
NOTIC: [8] Undefined index: tab D:\xampp\htdocs\managehelper\Index\Lib\Action\IndexAction.class.php 第 159 行.
NOTIC: [8] Undefined index: submod D:\xampp\htdocs\managehelper\Index\Lib\Action\IndexAction.class.php 第 157 行.
NOTIC: [8] Undefined index: tab D:\xampp\htdocs\managehelper\Index\Lib\Action\IndexAction.class.php 第 159 行.
NOTIC: [8] Undefined index: submod D:\xampp\htdocs\managehelper\Index\Lib\Action\IndexAction.class.php 第 157 行.
NOTIC: [8] Undefined index: tab D:\xampp\htdocs\managehelper\Index\Lib\Action\IndexAction.class.php 第 159 行.
NOTIC: [8] Undefined index: submod D:\xampp\htdocs\managehelper\Index\Lib\Action\IndexAction.class.php 第 157 行.
NOTIC: [8] Undefined index: tab D:\xampp\htdocs\managehelper\Index\Lib\Action\IndexAction.class.php 第 159 行.
NOTIC: [8] Undefined index: submod D:\xampp\htdocs\managehelper\Index\Lib\Action\IndexAction.class.php 第 157 行.
NOTIC: [8] Undefined index: tab D:\xampp\htdocs\managehelper\Index\Lib\Action\IndexAction.class.php 第 159 行.
NOTIC: [8] Undefined index: submod D:\xampp\htdocs\managehelper\Index\Lib\Action\IndexAction.class.php 第 157 行.
NOTIC: [8] Undefined index: submod D:\xampp\htdocs\managehelper\Index\Lib\Action\IndexAction.class.php 第 157 行.
NOTIC: [8] Undefined index: tab D:\xampp\htdocs\managehelper\Index\Lib\Action\IndexAction.class.php 第 159 行.
NOTIC: [8] Undefined index: submod D:\xampp\htdocs\managehelper\Index\Lib\Action\IndexAction.class.php 第 157 行.
NOTIC: [8] Undefined index: tab D:\xampp\htdocs\managehelper\Index\Lib\Action\IndexAction.class.php 第 159 行.
NOTIC: [8] Undefined index: submod D:\xampp\htdocs\managehelper\Index\Lib\Action\IndexAction.class.php 第 157 行.
NOTIC: [8] Undefined index: tab D:\xampp\htdocs\managehelper\Index\Lib\Action\IndexAction.class.php 第 159 行.
NOTIC: [8] Undefined index: submod D:\xampp\htdocs\managehelper\Index\Lib\Action\IndexAction.class.php 第 157 行.
NOTIC: [8] Undefined index: tab D:\xampp\htdocs\managehelper\Index\Lib\Action\IndexAction.class.php 第 159 行.
NOTIC: [8] Undefined index: submod D:\xampp\htdocs\managehelper\Index\Lib\Action\IndexAction.class.php 第 157 行.
NOTIC: [8] Undefined index: tab D:\xampp\htdocs\managehelper\Index\Lib\Action\IndexAction.class.php 第 159 行.
NOTIC: [8] Undefined index: submod D:\xampp\htdocs\managehelper\Index\Lib\Action\IndexAction.class.php 第 157 行.
NOTIC: [8] Undefined index: tab D:\xampp\htdocs\managehelper\Index\Lib\Action\IndexAction.class.php 第 159 行.
NOTIC: [8] Undefined index: submod D:\xampp\htdocs\managehelper\Index\Lib\Action\IndexAction.class.php 第 157 行.
NOTIC: [8] Undefined index: tab D:\xampp\htdocs\managehelper\Index\Lib\Action\IndexAction.class.php 第 159 行.
NOTIC: [8] Undefined index: submod D:\xampp\htdocs\managehelper\Index\Lib\Action\IndexAction.class.php 第 157 行.
NOTIC: [8] Undefined index: tab D:\xampp\htdocs\managehelper\Index\Lib\Action\IndexAction.class.php 第 159 行.
NOTIC: [8] Undefined index: submod D:\xampp\htdocs\managehelper\Index\Lib\Action\IndexAction.class.php 第 157 行.
NOTIC: [8] Undefined index: tab D:\xampp\htdocs\managehelper\Index\Lib\Action\IndexAction.class.php 第 159 行.
NOTIC: [8] Undefined index: submod D:\xampp\htdocs\managehelper\Index\Lib\Action\IndexAction.class.php 第 157 行.
NOTIC: [8] Undefined index: tab D:\xampp\htdocs\managehelper\Index\Lib\Action\IndexAction.class.php 第 159 行.
NOTIC: [8] Undefined index: submod D:\xampp\htdocs\managehelper\Index\Lib\Action\IndexAction.class.php 第 157 行.
NOTIC: [8] Undefined index: submod D:\xampp\htdocs\managehelper\Index\Lib\Action\IndexAction.class.php 第 157 行.
NOTIC: [8] Undefined index: tab D:\xampp\htdocs\managehelper\Index\Lib\Action\IndexAction.class.php 第 159 行.
NOTIC: [8] Undefined index: submod D:\xampp\htdocs\managehelper\Index\Lib\Action\IndexAction.class.php 第 157 行.
NOTIC: [8] Undefined index: tab D:\xampp\htdocs\managehelper\Index\Lib\Action\IndexAction.class.php 第 159 行.
NOTIC: [8] Undefined index: submod D:\xampp\htdocs\managehelper\Index\Lib\Action\IndexAction.class.php 第 157 行.
NOTIC: [8] Undefined index: tab D:\xampp\htdocs\managehelper\Index\Lib\Action\IndexAction.class.php 第 159 行.
NOTIC: [8] Undefined index: submod D:\xampp\htdocs\managehelper\Index\Lib\Action\IndexAction.class.php 第 157 行.
NOTIC: [8] Undefined index: tab D:\xampp\htdocs\managehelper\Index\Lib\Action\IndexAction.class.php 第 159 行.
NOTIC: [8] Undefined index: submod D:\xampp\htdocs\managehelper\Index\Lib\Action\IndexAction.class.php 第 157 行.
NOTIC: [8] Undefined index: tab D:\xampp\htdocs\managehelper\Index\Lib\Action\IndexAction.class.php 第 159 行.
NOTIC: [8] Undefined index: submod D:\xampp\htdocs\managehelper\Index\Lib\Action\IndexAction.class.php 第 157 行.
NOTIC: [8] Undefined index: tab D:\xampp\htdocs\managehelper\Index\Lib\Action\IndexAction.class.php 第 159 行.
NOTIC: [8] Undefined index: tab D:\xampp\htdocs\managehelper\Index\Lib\Action\IndexAction.class.php 第 159 行.
NOTIC: [8] Undefined index: submod D:\xampp\htdocs\managehelper\Index\Lib\Action\IndexAction.class.php 第 157 行.
NOTIC: [8] Undefined index: submod D:\xampp\htdocs\managehelper\Index\Lib\Action\IndexAction.class.php 第 157 行.
NOTIC: [8] Undefined index: tab D:\xampp\htdocs\managehelper\Index\Lib\Action\IndexAction.class.php 第 159 行.
NOTIC: [8] Undefined index: submod D:\xampp\htdocs\managehelper\Index\Lib\Action\IndexAction.class.php 第 157 行.
NOTIC: [8] Undefined index: tab D:\xampp\htdocs\managehelper\Index\Lib\Action\IndexAction.class.php 第 159 行.
NOTIC: [8] Undefined index: submod D:\xampp\htdocs\managehelper\Index\Lib\Action\IndexAction.class.php 第 157 行.
NOTIC: [8] Undefined index: tab D:\xampp\htdocs\managehelper\Index\Lib\Action\IndexAction.class.php 第 159 行.
NOTIC: [8] Undefined index: submod D:\xampp\htdocs\managehelper\Index\Lib\Action\IndexAction.class.php 第 157 行.
NOTIC: [8] Undefined index: tab D:\xampp\htdocs\managehelper\Index\Lib\Action\IndexAction.class.php 第 159 行.
NOTIC: [8] Undefined index: submod D:\xampp\htdocs\managehelper\Index\Lib\Action\IndexAction.class.php 第 157 行.
NOTIC: [8] Undefined index: submod D:\xampp\htdocs\managehelper\Index\Lib\Action\IndexAction.class.php 第 157 行.
NOTIC: [8] Undefined index: tab D:\xampp\htdocs\managehelper\Index\Lib\Action\IndexAction.class.php 第 159 行.
NOTIC: [8] Undefined index: submod D:\xampp\htdocs\managehelper\Index\Lib\Action\IndexAction.class.php 第 157 行.
NOTIC: [8] Undefined index: tab D:\xampp\htdocs\managehelper\Index\Lib\Action\IndexAction.class.php 第 159 行.
NOTIC: [8] Undefined index: submod D:\xampp\htdocs\managehelper\Index\Lib\Action\IndexAction.class.php 第 157 行.
NOTIC: [8] Undefined index: tab D:\xampp\htdocs\managehelper\Index\Lib\Action\IndexAction.class.php 第 159 行.
NOTIC: [8] Undefined index: submod D:\xampp\htdocs\managehelper\Index\Lib\Action\IndexAction.class.php 第 157 行.
NOTIC: [8] Undefined index: tab D:\xampp\htdocs\managehelper\Index\Lib\Action\IndexAction.class.php 第 159 行.
NOTIC: [8] Undefined index: submod D:\xampp\htdocs\managehelper\Index\Lib\Action\IndexAction.class.php 第 157 行.
NOTIC: [8] Undefined index: tab D:\xampp\htdocs\managehelper\Index\Lib\Action\IndexAction.class.php 第 159 行.
NOTIC: [8] Undefined index: submod D:\xampp\htdocs\managehelper\Index\Lib\Action\IndexAction.class.php 第 157 行.
NOTIC: [8] Undefined index: tab D:\xampp\htdocs\managehelper\Index\Lib\Action\IndexAction.class.php 第 159 行.
NOTIC: [8] Undefined offset: 0 D:\xampp\htdocs\managehelper\Index\Lib\Action\IndexAction.class.php 第 152 行.

[ 2018-07-19T00:03:49+08:00 ] 0.0.0.0 /managehelper/index.php/Index/build
INFO: [ route_check ] --START--
INFO: CheckRoute Behavior ::run [ RunTime:0.002000s ]
INFO: [ route_check ] --END-- [ RunTime:0.003000s ]
NOTIC: [8192] preg_replace(): The /e modifier is deprecated, use preg_replace_callback instead D:\xampp\htdocs\managehelper\ThinkPHP\Lib\Core\Dispatcher.class.php 第 132 行.
INFO: [ app_begin ] --START--
INFO: ReadHtmlCache Behavior ::run [ RunTime:0.001000s ]
INFO: [ app_begin ] --END-- [ RunTime:0.001000s ]

